-------------------------------------------------------------------------------
Test set: com.sample.postgress.PostgressApplicationTests
-------------------------------------------------------------------------------
Tests run: 1, Failures: 0, Errors: 1, Skipped: 0, Time elapsed: 2.862 s <<< FAILURE! - in com.sample.postgress.PostgressApplicationTests
initializationError(com.sample.postgress.PostgressApplicationTests)  Time elapsed: 0.046 s  <<< ERROR!
java.lang.IllegalStateException: Unable to find a @SpringBootConfiguration, you need to use @ContextConfiguration or @SpringBootTest(classes=...) with your test

