<?xml version="1.0" encoding="UTF-8"?>
<testsuite xmlns:xsi="http://www.w3.org/2001/XMLSchema-instance" xsi:noNamespaceSchemaLocation="https://maven.apache.org/surefire/maven-surefire-plugin/xsd/surefire-test-report.xsd" name="com.sample.postgress.PostgressApplicationTests" time="2.862" tests="1" errors="1" skipped="0" failures="0">
  <properties>
[...]
</properties>
  <testcase name="initializationError" classname="com.sample.postgress.PostgressApplicationTests" time="0.046">
    <error message="Unable to find a @SpringBootConfiguration, you need to use @ContextConfiguration or @SpringBootTest(classes=...) with your test" type="java.lang.IllegalStateException">java.lang.IllegalStateException: Unable to find a @SpringBootConfiguration, you need to use @ContextConfiguration or @SpringBootTest(classes=...) with your test
</error>
    <system-out><![CDATA[14:51:52.405 [main] DEBUG org.springframework.test.context.junit4.SpringJUnit4ClassRunner - SpringJUnit4ClassRunner constructor called with [class com.sample.postgress.PostgressApplicationTests]
14:51:52.446 [main] DEBUG org.springframework.test.context.BootstrapUtils - Instantiating CacheAwareContextLoaderDelegate from class [org.springframework.test.context.cache.DefaultCacheAwareContextLoaderDelegate]
14:51:52.564 [main] DEBUG org.springframework.test.context.BootstrapUtils - Instantiating BootstrapContext using constructor [public org.springframework.test.context.support.DefaultBootstrapContext(java.lang.Class,org.springframework.test.context.CacheAwareContextLoaderDelegate)]
14:51:52.604 [main] DEBUG org.springframework.test.context.BootstrapUtils - Instantiating TestContextBootstrapper for test class [com.sample.postgress.PostgressApplicationTests] from class [org.springframework.boot.test.context.SpringBootTestContextBootstrapper]
14:51:52.947 [main] INFO org.springframework.boot.test.context.SpringBootTestContextBootstrapper - Neither @ContextConfiguration nor @ContextHierarchy found for test class [com.sample.postgress.PostgressApplicationTests], using SpringBootContextLoader
14:51:52.973 [main] DEBUG org.springframework.test.context.support.AbstractContextLoader - Did not detect default resource location for test class [com.sample.postgress.PostgressApplicationTests]: class path resource [com/sample/postgress/PostgressApplicationTests-context.xml] does not exist
14:51:52.974 [main] DEBUG org.springframework.test.context.support.AbstractContextLoader - Did not detect default resource location for test class [com.sample.postgress.PostgressApplicationTests]: class path resource [com/sample/postgress/PostgressApplicationTestsContext.groovy] does not exist
14:51:52.974 [main] INFO org.springframework.test.context.support.AbstractContextLoader - Could not detect default resource locations for test class [com.sample.postgress.PostgressApplicationTests]: no resource found for suffixes {-context.xml, Context.groovy}.
14:51:52.998 [main] INFO org.springframework.test.context.support.AnnotationConfigContextLoaderUtils - Could not detect default configuration classes for test class [com.sample.postgress.PostgressApplicationTests]: PostgressApplicationTests does not declare any static, non-private, non-final, nested classes annotated with @Configuration.
14:51:53.708 [main] DEBUG org.springframework.test.context.support.ActiveProfilesUtils - Could not find an 'annotation declaring class' for annotation type [org.springframework.test.context.ActiveProfiles] and class [com.sample.postgress.PostgressApplicationTests]
]]></system-out>
  </testcase>
</testsuite>